[2022-06-15 06:49:43] local.ERROR: Class 'Tymon\JWTAuth\Providers\JWTAuthServiceProvider' not found {"exception":"[object] (Error(code: 0): Class 'Tymon\\JWTAuth\\Providers\\JWTAuthServiceProvider' not found at /home/lnv123/Practice Laravel/authentication-app/vendor/laravel/framework/src/Illuminate/Foundation/ProviderRepository.php:208)
[stacktrace]
#0 /home/lnv123/Practice Laravel/authentication-app/vendor/laravel/framework/src/Illuminate/Foundation/ProviderRepository.php(144): Illuminate\\Foundation\\ProviderRepository->createProvider()
#1 /home/lnv123/Practice Laravel/authentication-app/vendor/laravel/framework/src/Illuminate/Foundation/ProviderRepository.php(61): Illuminate\\Foundation\\ProviderRepository->compileManifest()
#2 /home/lnv123/Practice Laravel/authentication-app/vendor/laravel/framework/src/Illuminate/Foundation/Application.php(659): Illuminate\\Foundation\\ProviderRepository->load()
#3 /home/lnv123/Practice Laravel/authentication-app/vendor/laravel/framework/src/Illuminate/Foundation/Bootstrap/RegisterProviders.php(17): Illuminate\\Foundation\\Application->registerConfiguredProviders()
#4 /home/lnv123/Practice Laravel/authentication-app/vendor/laravel/framework/src/Illuminate/Foundation/Application.php(237): Illuminate\\Foundation\\Bootstrap\\RegisterProviders->bootstrap()
#5 /home/lnv123/Practice Laravel/authentication-app/vendor/laravel/framework/src/Illuminate/Foundation/Console/Kernel.php(310): Illuminate\\Foundation\\Application->bootstrapWith()
#6 /home/lnv123/Practice Laravel/authentication-app/vendor/laravel/framework/src/Illuminate/Foundation/Console/Kernel.php(127): Illuminate\\Foundation\\Console\\Kernel->bootstrap()
#7 /home/lnv123/Practice Laravel/authentication-app/artisan(37): Illuminate\\Foundation\\Console\\Kernel->handle()
#8 {main}
"} 
[2022-06-15 12:22:31] laravel.EMERGENCY: Unable to create configured logger. Using emergency logger. {"exception":"[object] (InvalidArgumentException(code: 0): Log [] is not defined. at /home/lnv123/Practice Laravel/authentication-app/vendor/laravel/framework/src/Illuminate/Log/LogManager.php:200)
[stacktrace]
#0 /home/lnv123/Practice Laravel/authentication-app/vendor/laravel/framework/src/Illuminate/Log/LogManager.php(125): Illuminate\\Log\\LogManager->resolve()
#1 /home/lnv123/Practice Laravel/authentication-app/vendor/laravel/framework/src/Illuminate/Log/LogManager.php(112): Illuminate\\Log\\LogManager->get()
#2 /home/lnv123/Practice Laravel/authentication-app/vendor/laravel/framework/src/Illuminate/Log/LogManager.php(590): Illuminate\\Log\\LogManager->driver()
#3 /home/lnv123/Practice Laravel/authentication-app/vendor/laravel/framework/src/Illuminate/Foundation/Exceptions/Handler.php(252): Illuminate\\Log\\LogManager->error()
#4 /home/lnv123/Practice Laravel/authentication-app/vendor/laravel/framework/src/Illuminate/Foundation/Console/Kernel.php(366): Illuminate\\Foundation\\Exceptions\\Handler->report()
#5 /home/lnv123/Practice Laravel/authentication-app/vendor/laravel/framework/src/Illuminate/Foundation/Console/Kernel.php(131): Illuminate\\Foundation\\Console\\Kernel->reportException()
#6 /home/lnv123/Practice Laravel/authentication-app/artisan(37): Illuminate\\Foundation\\Console\\Kernel->handle()
#7 {main}
"} 
[2022-06-15 12:22:31] laravel.ERROR: Undefined constant 'Tymon\JWTAuth\Facades\JWTAuth' {"exception":"[object] (Error(code: 0): Undefined constant 'Tymon\\JWTAuth\\Facades\\JWTAuth' at /home/lnv123/Practice Laravel/authentication-app/config/app.php:233)
[stacktrace]
#0 /home/lnv123/Practice Laravel/authentication-app/vendor/laravel/framework/src/Illuminate/Foundation/Bootstrap/LoadConfiguration.php(72): require()
#1 /home/lnv123/Practice Laravel/authentication-app/vendor/laravel/framework/src/Illuminate/Foundation/Bootstrap/LoadConfiguration.php(39): Illuminate\\Foundation\\Bootstrap\\LoadConfiguration->loadConfigurationFiles()
#2 /home/lnv123/Practice Laravel/authentication-app/vendor/laravel/framework/src/Illuminate/Foundation/Application.php(237): Illuminate\\Foundation\\Bootstrap\\LoadConfiguration->bootstrap()
#3 /home/lnv123/Practice Laravel/authentication-app/vendor/laravel/framework/src/Illuminate/Foundation/Console/Kernel.php(310): Illuminate\\Foundation\\Application->bootstrapWith()
#4 /home/lnv123/Practice Laravel/authentication-app/vendor/laravel/framework/src/Illuminate/Foundation/Console/Kernel.php(127): Illuminate\\Foundation\\Console\\Kernel->bootstrap()
#5 /home/lnv123/Practice Laravel/authentication-app/artisan(37): Illuminate\\Foundation\\Console\\Kernel->handle()
#6 {main}
"} 
[2022-06-15 06:52:45] local.ERROR: Class 'Tymon\JWTAuth\Providers\JWTAuthServiceProvider' not found {"exception":"[object] (Error(code: 0): Class 'Tymon\\JWTAuth\\Providers\\JWTAuthServiceProvider' not found at /home/lnv123/Practice Laravel/authentication-app/vendor/laravel/framework/src/Illuminate/Foundation/ProviderRepository.php:208)
[stacktrace]
#0 /home/lnv123/Practice Laravel/authentication-app/vendor/laravel/framework/src/Illuminate/Foundation/ProviderRepository.php(144): Illuminate\\Foundation\\ProviderRepository->createProvider()
#1 /home/lnv123/Practice Laravel/authentication-app/vendor/laravel/framework/src/Illuminate/Foundation/ProviderRepository.php(61): Illuminate\\Foundation\\ProviderRepository->compileManifest()
#2 /home/lnv123/Practice Laravel/authentication-app/vendor/laravel/framework/src/Illuminate/Foundation/Application.php(659): Illuminate\\Foundation\\ProviderRepository->load()
#3 /home/lnv123/Practice Laravel/authentication-app/vendor/laravel/framework/src/Illuminate/Foundation/Bootstrap/RegisterProviders.php(17): Illuminate\\Foundation\\Application->registerConfiguredProviders()
#4 /home/lnv123/Practice Laravel/authentication-app/vendor/laravel/framework/src/Illuminate/Foundation/Application.php(237): Illuminate\\Foundation\\Bootstrap\\RegisterProviders->bootstrap()
#5 /home/lnv123/Practice Laravel/authentication-app/vendor/laravel/framework/src/Illuminate/Foundation/Console/Kernel.php(310): Illuminate\\Foundation\\Application->bootstrapWith()
#6 /home/lnv123/Practice Laravel/authentication-app/vendor/laravel/framework/src/Illuminate/Foundation/Console/Kernel.php(127): Illuminate\\Foundation\\Console\\Kernel->bootstrap()
#7 /home/lnv123/Practice Laravel/authentication-app/artisan(37): Illuminate\\Foundation\\Console\\Kernel->handle()
#8 {main}
"} 
[2022-06-15 07:04:17] local.ERROR: SQLSTATE[HY000]: General error: 3780 Referencing column 'user_id' and referenced column 'id' in foreign key constraint 'products_user_id_foreign' are incompatible. (SQL: alter table `products` add constraint `products_user_id_foreign` foreign key (`user_id`) references `users` (`id`) on delete cascade) {"exception":"[object] (Illuminate\\Database\\QueryException(code: HY000): SQLSTATE[HY000]: General error: 3780 Referencing column 'user_id' and referenced column 'id' in foreign key constraint 'products_user_id_foreign' are incompatible. (SQL: alter table `products` add constraint `products_user_id_foreign` foreign key (`user_id`) references `users` (`id`) on delete cascade) at /home/lnv123/Practice Laravel/authentication-app/vendor/laravel/framework/src/Illuminate/Database/Connection.php:712)
[stacktrace]
#0 /home/lnv123/Practice Laravel/authentication-app/vendor/laravel/framework/src/Illuminate/Database/Connection.php(672): Illuminate\\Database\\Connection->runQueryCallback()
#1 /home/lnv123/Practice Laravel/authentication-app/vendor/laravel/framework/src/Illuminate/Database/Connection.php(502): Illuminate\\Database\\Connection->run()
#2 /home/lnv123/Practice Laravel/authentication-app/vendor/laravel/framework/src/Illuminate/Database/Schema/Blueprint.php(109): Illuminate\\Database\\Connection->statement()
#3 /home/lnv123/Practice Laravel/authentication-app/vendor/laravel/framework/src/Illuminate/Database/Schema/Builder.php(364): Illuminate\\Database\\Schema\\Blueprint->build()
#4 /home/lnv123/Practice Laravel/authentication-app/vendor/laravel/framework/src/Illuminate/Database/Schema/Builder.php(227): Illuminate\\Database\\Schema\\Builder->build()
#5 /home/lnv123/Practice Laravel/authentication-app/vendor/laravel/framework/src/Illuminate/Support/Facades/Facade.php(261): Illuminate\\Database\\Schema\\Builder->create()
#6 /home/lnv123/Practice Laravel/authentication-app/database/migrations/2022_06_15_065956_create_products_table.php(29): Illuminate\\Support\\Facades\\Facade::__callStatic()
#7 /home/lnv123/Practice Laravel/authentication-app/vendor/laravel/framework/src/Illuminate/Database/Migrations/Migrator.php(472): CreateProductsTable->up()
#8 /home/lnv123/Practice Laravel/authentication-app/vendor/laravel/framework/src/Illuminate/Database/Migrations/Migrator.php(394): Illuminate\\Database\\Migrations\\Migrator->runMethod()
#9 /home/lnv123/Practice Laravel/authentication-app/vendor/laravel/framework/src/Illuminate/Database/Migrations/Migrator.php(403): Illuminate\\Database\\Migrations\\Migrator->Illuminate\\Database\\Migrations\\{closure}()
#10 /home/lnv123/Practice Laravel/authentication-app/vendor/laravel/framework/src/Illuminate/Database/Migrations/Migrator.php(202): Illuminate\\Database\\Migrations\\Migrator->runMigration()
#11 /home/lnv123/Practice Laravel/authentication-app/vendor/laravel/framework/src/Illuminate/Database/Migrations/Migrator.php(167): Illuminate\\Database\\Migrations\\Migrator->runUp()
#12 /home/lnv123/Practice Laravel/authentication-app/vendor/laravel/framework/src/Illuminate/Database/Migrations/Migrator.php(112): Illuminate\\Database\\Migrations\\Migrator->runPending()
#13 /home/lnv123/Practice Laravel/authentication-app/vendor/laravel/framework/src/Illuminate/Database/Console/Migrations/MigrateCommand.php(86): Illuminate\\Database\\Migrations\\Migrator->run()
#14 /home/lnv123/Practice Laravel/authentication-app/vendor/laravel/framework/src/Illuminate/Database/Migrations/Migrator.php(606): Illuminate\\Database\\Console\\Migrations\\MigrateCommand->Illuminate\\Database\\Console\\Migrations\\{closure}()
#15 /home/lnv123/Practice Laravel/authentication-app/vendor/laravel/framework/src/Illuminate/Database/Console/Migrations/MigrateCommand.php(98): Illuminate\\Database\\Migrations\\Migrator->usingConnection()
#16 /home/lnv123/Practice Laravel/authentication-app/vendor/laravel/framework/src/Illuminate/Container/BoundMethod.php(36): Illuminate\\Database\\Console\\Migrations\\MigrateCommand->handle()
#17 /home/lnv123/Practice Laravel/authentication-app/vendor/laravel/framework/src/Illuminate/Container/Util.php(40): Illuminate\\Container\\BoundMethod::Illuminate\\Container\\{closure}()
#18 /home/lnv123/Practice Laravel/authentication-app/vendor/laravel/framework/src/Illuminate/Container/BoundMethod.php(93): Illuminate\\Container\\Util::unwrapIfClosure()
#19 /home/lnv123/Practice Laravel/authentication-app/vendor/laravel/framework/src/Illuminate/Container/BoundMethod.php(37): Illuminate\\Container\\BoundMethod::callBoundMethod()
#20 /home/lnv123/Practice Laravel/authentication-app/vendor/laravel/framework/src/Illuminate/Container/Container.php(653): Illuminate\\Container\\BoundMethod::call()
#21 /home/lnv123/Practice Laravel/authentication-app/vendor/laravel/framework/src/Illuminate/Console/Command.php(136): Illuminate\\Container\\Container->call()
#22 /home/lnv123/Practice Laravel/authentication-app/vendor/symfony/console/Command/Command.php(298): Illuminate\\Console\\Command->execute()
#23 /home/lnv123/Practice Laravel/authentication-app/vendor/laravel/framework/src/Illuminate/Console/Command.php(121): Symfony\\Component\\Console\\Command\\Command->run()
#24 /home/lnv123/Practice Laravel/authentication-app/vendor/symfony/console/Application.php(1024): Illuminate\\Console\\Command->run()
#25 /home/lnv123/Practice Laravel/authentication-app/vendor/symfony/console/Application.php(299): Symfony\\Component\\Console\\Application->doRunCommand()
#26 /home/lnv123/Practice Laravel/authentication-app/vendor/symfony/console/Application.php(171): Symfony\\Component\\Console\\Application->doRun()
#27 /home/lnv123/Practice Laravel/authentication-app/vendor/laravel/framework/src/Illuminate/Console/Application.php(94): Symfony\\Component\\Console\\Application->run()
#28 /home/lnv123/Practice Laravel/authentication-app/vendor/laravel/framework/src/Illuminate/Foundation/Console/Kernel.php(129): Illuminate\\Console\\Application->run()
#29 /home/lnv123/Practice Laravel/authentication-app/artisan(37): Illuminate\\Foundation\\Console\\Kernel->handle()
#30 {main}

[previous exception] [object] (PDOException(code: HY000): SQLSTATE[HY000]: General error: 3780 Referencing column 'user_id' and referenced column 'id' in foreign key constraint 'products_user_id_foreign' are incompatible. at /home/lnv123/Practice Laravel/authentication-app/vendor/laravel/framework/src/Illuminate/Database/Connection.php:501)
[stacktrace]
#0 /home/lnv123/Practice Laravel/authentication-app/vendor/laravel/framework/src/Illuminate/Database/Connection.php(501): PDOStatement->execute()
#1 /home/lnv123/Practice Laravel/authentication-app/vendor/laravel/framework/src/Illuminate/Database/Connection.php(705): Illuminate\\Database\\Connection->Illuminate\\Database\\{closure}()
#2 /home/lnv123/Practice Laravel/authentication-app/vendor/laravel/framework/src/Illuminate/Database/Connection.php(672): Illuminate\\Database\\Connection->runQueryCallback()
#3 /home/lnv123/Practice Laravel/authentication-app/vendor/laravel/framework/src/Illuminate/Database/Connection.php(502): Illuminate\\Database\\Connection->run()
#4 /home/lnv123/Practice Laravel/authentication-app/vendor/laravel/framework/src/Illuminate/Database/Schema/Blueprint.php(109): Illuminate\\Database\\Connection->statement()
#5 /home/lnv123/Practice Laravel/authentication-app/vendor/laravel/framework/src/Illuminate/Database/Schema/Builder.php(364): Illuminate\\Database\\Schema\\Blueprint->build()
#6 /home/lnv123/Practice Laravel/authentication-app/vendor/laravel/framework/src/Illuminate/Database/Schema/Builder.php(227): Illuminate\\Database\\Schema\\Builder->build()
#7 /home/lnv123/Practice Laravel/authentication-app/vendor/laravel/framework/src/Illuminate/Support/Facades/Facade.php(261): Illuminate\\Database\\Schema\\Builder->create()
#8 /home/lnv123/Practice Laravel/authentication-app/database/migrations/2022_06_15_065956_create_products_table.php(29): Illuminate\\Support\\Facades\\Facade::__callStatic()
#9 /home/lnv123/Practice Laravel/authentication-app/vendor/laravel/framework/src/Illuminate/Database/Migrations/Migrator.php(472): CreateProductsTable->up()
#10 /home/lnv123/Practice Laravel/authentication-app/vendor/laravel/framework/src/Illuminate/Database/Migrations/Migrator.php(394): Illuminate\\Database\\Migrations\\Migrator->runMethod()
#11 /home/lnv123/Practice Laravel/authentication-app/vendor/laravel/framework/src/Illuminate/Database/Migrations/Migrator.php(403): Illuminate\\Database\\Migrations\\Migrator->Illuminate\\Database\\Migrations\\{closure}()
#12 /home/lnv123/Practice Laravel/authentication-app/vendor/laravel/framework/src/Illuminate/Database/Migrations/Migrator.php(202): Illuminate\\Database\\Migrations\\Migrator->runMigration()
#13 /home/lnv123/Practice Laravel/authentication-app/vendor/laravel/framework/src/Illuminate/Database/Migrations/Migrator.php(167): Illuminate\\Database\\Migrations\\Migrator->runUp()
#14 /home/lnv123/Practice Laravel/authentication-app/vendor/laravel/framework/src/Illuminate/Database/Migrations/Migrator.php(112): Illuminate\\Database\\Migrations\\Migrator->runPending()
#15 /home/lnv123/Practice Laravel/authentication-app/vendor/laravel/framework/src/Illuminate/Database/Console/Migrations/MigrateCommand.php(86): Illuminate\\Database\\Migrations\\Migrator->run()
#16 /home/lnv123/Practice Laravel/authentication-app/vendor/laravel/framework/src/Illuminate/Database/Migrations/Migrator.php(606): Illuminate\\Database\\Console\\Migrations\\MigrateCommand->Illuminate\\Database\\Console\\Migrations\\{closure}()
#17 /home/lnv123/Practice Laravel/authentication-app/vendor/laravel/framework/src/Illuminate/Database/Console/Migrations/MigrateCommand.php(98): Illuminate\\Database\\Migrations\\Migrator->usingConnection()
#18 /home/lnv123/Practice Laravel/authentication-app/vendor/laravel/framework/src/Illuminate/Container/BoundMethod.php(36): Illuminate\\Database\\Console\\Migrations\\MigrateCommand->handle()
#19 /home/lnv123/Practice Laravel/authentication-app/vendor/laravel/framework/src/Illuminate/Container/Util.php(40): Illuminate\\Container\\BoundMethod::Illuminate\\Container\\{closure}()
#20 /home/lnv123/Practice Laravel/authentication-app/vendor/laravel/framework/src/Illuminate/Container/BoundMethod.php(93): Illuminate\\Container\\Util::unwrapIfClosure()
#21 /home/lnv123/Practice Laravel/authentication-app/vendor/laravel/framework/src/Illuminate/Container/BoundMethod.php(37): Illuminate\\Container\\BoundMethod::callBoundMethod()
#22 /home/lnv123/Practice Laravel/authentication-app/vendor/laravel/framework/src/Illuminate/Container/Container.php(653): Illuminate\\Container\\BoundMethod::call()
#23 /home/lnv123/Practice Laravel/authentication-app/vendor/laravel/framework/src/Illuminate/Console/Command.php(136): Illuminate\\Container\\Container->call()
#24 /home/lnv123/Practice Laravel/authentication-app/vendor/symfony/console/Command/Command.php(298): Illuminate\\Console\\Command->execute()
#25 /home/lnv123/Practice Laravel/authentication-app/vendor/laravel/framework/src/Illuminate/Console/Command.php(121): Symfony\\Component\\Console\\Command\\Command->run()
#26 /home/lnv123/Practice Laravel/authentication-app/vendor/symfony/console/Application.php(1024): Illuminate\\Console\\Command->run()
#27 /home/lnv123/Practice Laravel/authentication-app/vendor/symfony/console/Application.php(299): Symfony\\Component\\Console\\Application->doRunCommand()
#28 /home/lnv123/Practice Laravel/authentication-app/vendor/symfony/console/Application.php(171): Symfony\\Component\\Console\\Application->doRun()
#29 /home/lnv123/Practice Laravel/authentication-app/vendor/laravel/framework/src/Illuminate/Console/Application.php(94): Symfony\\Component\\Console\\Application->run()
#30 /home/lnv123/Practice Laravel/authentication-app/vendor/laravel/framework/src/Illuminate/Foundation/Console/Kernel.php(129): Illuminate\\Console\\Application->run()
#31 /home/lnv123/Practice Laravel/authentication-app/artisan(37): Illuminate\\Foundation\\Console\\Kernel->handle()
#32 {main}
"} 
[2022-06-15 07:05:54] local.ERROR: SQLSTATE[42S01]: Base table or view already exists: 1050 Table 'products' already exists (SQL: create table `products` (`id` bigint unsigned not null auto_increment primary key, `user_id` bigint unsigned not null, `name` varchar(255) not null, `sku` varchar(255) not null, `price` int not null, `quantity` int not null, `created_at` timestamp null, `updated_at` timestamp null) default character set utf8mb4 collate 'utf8mb4_unicode_ci') {"exception":"[object] (Illuminate\\Database\\QueryException(code: 42S01): SQLSTATE[42S01]: Base table or view already exists: 1050 Table 'products' already exists (SQL: create table `products` (`id` bigint unsigned not null auto_increment primary key, `user_id` bigint unsigned not null, `name` varchar(255) not null, `sku` varchar(255) not null, `price` int not null, `quantity` int not null, `created_at` timestamp null, `updated_at` timestamp null) default character set utf8mb4 collate 'utf8mb4_unicode_ci') at /home/lnv123/Practice Laravel/authentication-app/vendor/laravel/framework/src/Illuminate/Database/Connection.php:712)
[stacktrace]
#0 /home/lnv123/Practice Laravel/authentication-app/vendor/laravel/framework/src/Illuminate/Database/Connection.php(672): Illuminate\\Database\\Connection->runQueryCallback()
#1 /home/lnv123/Practice Laravel/authentication-app/vendor/laravel/framework/src/Illuminate/Database/Connection.php(502): Illuminate\\Database\\Connection->run()
#2 /home/lnv123/Practice Laravel/authentication-app/vendor/laravel/framework/src/Illuminate/Database/Schema/Blueprint.php(109): Illuminate\\Database\\Connection->statement()
#3 /home/lnv123/Practice Laravel/authentication-app/vendor/laravel/framework/src/Illuminate/Database/Schema/Builder.php(364): Illuminate\\Database\\Schema\\Blueprint->build()
#4 /home/lnv123/Practice Laravel/authentication-app/vendor/laravel/framework/src/Illuminate/Database/Schema/Builder.php(227): Illuminate\\Database\\Schema\\Builder->build()
#5 /home/lnv123/Practice Laravel/authentication-app/vendor/laravel/framework/src/Illuminate/Support/Facades/Facade.php(261): Illuminate\\Database\\Schema\\Builder->create()
#6 /home/lnv123/Practice Laravel/authentication-app/database/migrations/2022_06_15_065956_create_products_table.php(24): Illuminate\\Support\\Facades\\Facade::__callStatic()
#7 /home/lnv123/Practice Laravel/authentication-app/vendor/laravel/framework/src/Illuminate/Database/Migrations/Migrator.php(472): CreateProductsTable->up()
#8 /home/lnv123/Practice Laravel/authentication-app/vendor/laravel/framework/src/Illuminate/Database/Migrations/Migrator.php(394): Illuminate\\Database\\Migrations\\Migrator->runMethod()
#9 /home/lnv123/Practice Laravel/authentication-app/vendor/laravel/framework/src/Illuminate/Database/Migrations/Migrator.php(403): Illuminate\\Database\\Migrations\\Migrator->Illuminate\\Database\\Migrations\\{closure}()
#10 /home/lnv123/Practice Laravel/authentication-app/vendor/laravel/framework/src/Illuminate/Database/Migrations/Migrator.php(202): Illuminate\\Database\\Migrations\\Migrator->runMigration()
#11 /home/lnv123/Practice Laravel/authentication-app/vendor/laravel/framework/src/Illuminate/Database/Migrations/Migrator.php(167): Illuminate\\Database\\Migrations\\Migrator->runUp()
#12 /home/lnv123/Practice Laravel/authentication-app/vendor/laravel/framework/src/Illuminate/Database/Migrations/Migrator.php(112): Illuminate\\Database\\Migrations\\Migrator->runPending()
#13 /home/lnv123/Practice Laravel/authentication-app/vendor/laravel/framework/src/Illuminate/Database/Console/Migrations/MigrateCommand.php(86): Illuminate\\Database\\Migrations\\Migrator->run()
#14 /home/lnv123/Practice Laravel/authentication-app/vendor/laravel/framework/src/Illuminate/Database/Migrations/Migrator.php(606): Illuminate\\Database\\Console\\Migrations\\MigrateCommand->Illuminate\\Database\\Console\\Migrations\\{closure}()
#15 /home/lnv123/Practice Laravel/authentication-app/vendor/laravel/framework/src/Illuminate/Database/Console/Migrations/MigrateCommand.php(98): Illuminate\\Database\\Migrations\\Migrator->usingConnection()
#16 /home/lnv123/Practice Laravel/authentication-app/vendor/laravel/framework/src/Illuminate/Container/BoundMethod.php(36): Illuminate\\Database\\Console\\Migrations\\MigrateCommand->handle()
#17 /home/lnv123/Practice Laravel/authentication-app/vendor/laravel/framework/src/Illuminate/Container/Util.php(40): Illuminate\\Container\\BoundMethod::Illuminate\\Container\\{closure}()
#18 /home/lnv123/Practice Laravel/authentication-app/vendor/laravel/framework/src/Illuminate/Container/BoundMethod.php(93): Illuminate\\Container\\Util::unwrapIfClosure()
#19 /home/lnv123/Practice Laravel/authentication-app/vendor/laravel/framework/src/Illuminate/Container/BoundMethod.php(37): Illuminate\\Container\\BoundMethod::callBoundMethod()
#20 /home/lnv123/Practice Laravel/authentication-app/vendor/laravel/framework/src/Illuminate/Container/Container.php(653): Illuminate\\Container\\BoundMethod::call()
#21 /home/lnv123/Practice Laravel/authentication-app/vendor/laravel/framework/src/Illuminate/Console/Command.php(136): Illuminate\\Container\\Container->call()
#22 /home/lnv123/Practice Laravel/authentication-app/vendor/symfony/console/Command/Command.php(298): Illuminate\\Console\\Command->execute()
#23 /home/lnv123/Practice Laravel/authentication-app/vendor/laravel/framework/src/Illuminate/Console/Command.php(121): Symfony\\Component\\Console\\Command\\Command->run()
#24 /home/lnv123/Practice Laravel/authentication-app/vendor/symfony/console/Application.php(1024): Illuminate\\Console\\Command->run()
#25 /home/lnv123/Practice Laravel/authentication-app/vendor/symfony/console/Application.php(299): Symfony\\Component\\Console\\Application->doRunCommand()
#26 /home/lnv123/Practice Laravel/authentication-app/vendor/symfony/console/Application.php(171): Symfony\\Component\\Console\\Application->doRun()
#27 /home/lnv123/Practice Laravel/authentication-app/vendor/laravel/framework/src/Illuminate/Console/Application.php(94): Symfony\\Component\\Console\\Application->run()
#28 /home/lnv123/Practice Laravel/authentication-app/vendor/laravel/framework/src/Illuminate/Foundation/Console/Kernel.php(129): Illuminate\\Console\\Application->run()
#29 /home/lnv123/Practice Laravel/authentication-app/artisan(37): Illuminate\\Foundation\\Console\\Kernel->handle()
#30 {main}

[previous exception] [object] (PDOException(code: 42S01): SQLSTATE[42S01]: Base table or view already exists: 1050 Table 'products' already exists at /home/lnv123/Practice Laravel/authentication-app/vendor/laravel/framework/src/Illuminate/Database/Connection.php:501)
[stacktrace]
#0 /home/lnv123/Practice Laravel/authentication-app/vendor/laravel/framework/src/Illuminate/Database/Connection.php(501): PDOStatement->execute()
#1 /home/lnv123/Practice Laravel/authentication-app/vendor/laravel/framework/src/Illuminate/Database/Connection.php(705): Illuminate\\Database\\Connection->Illuminate\\Database\\{closure}()
#2 /home/lnv123/Practice Laravel/authentication-app/vendor/laravel/framework/src/Illuminate/Database/Connection.php(672): Illuminate\\Database\\Connection->runQueryCallback()
#3 /home/lnv123/Practice Laravel/authentication-app/vendor/laravel/framework/src/Illuminate/Database/Connection.php(502): Illuminate\\Database\\Connection->run()
#4 /home/lnv123/Practice Laravel/authentication-app/vendor/laravel/framework/src/Illuminate/Database/Schema/Blueprint.php(109): Illuminate\\Database\\Connection->statement()
#5 /home/lnv123/Practice Laravel/authentication-app/vendor/laravel/framework/src/Illuminate/Database/Schema/Builder.php(364): Illuminate\\Database\\Schema\\Blueprint->build()
#6 /home/lnv123/Practice Laravel/authentication-app/vendor/laravel/framework/src/Illuminate/Database/Schema/Builder.php(227): Illuminate\\Database\\Schema\\Builder->build()
#7 /home/lnv123/Practice Laravel/authentication-app/vendor/laravel/framework/src/Illuminate/Support/Facades/Facade.php(261): Illuminate\\Database\\Schema\\Builder->create()
#8 /home/lnv123/Practice Laravel/authentication-app/database/migrations/2022_06_15_065956_create_products_table.php(24): Illuminate\\Support\\Facades\\Facade::__callStatic()
#9 /home/lnv123/Practice Laravel/authentication-app/vendor/laravel/framework/src/Illuminate/Database/Migrations/Migrator.php(472): CreateProductsTable->up()
#10 /home/lnv123/Practice Laravel/authentication-app/vendor/laravel/framework/src/Illuminate/Database/Migrations/Migrator.php(394): Illuminate\\Database\\Migrations\\Migrator->runMethod()
#11 /home/lnv123/Practice Laravel/authentication-app/vendor/laravel/framework/src/Illuminate/Database/Migrations/Migrator.php(403): Illuminate\\Database\\Migrations\\Migrator->Illuminate\\Database\\Migrations\\{closure}()
#12 /home/lnv123/Practice Laravel/authentication-app/vendor/laravel/framework/src/Illuminate/Database/Migrations/Migrator.php(202): Illuminate\\Database\\Migrations\\Migrator->runMigration()
#13 /home/lnv123/Practice Laravel/authentication-app/vendor/laravel/framework/src/Illuminate/Database/Migrations/Migrator.php(167): Illuminate\\Database\\Migrations\\Migrator->runUp()
#14 /home/lnv123/Practice Laravel/authentication-app/vendor/laravel/framework/src/Illuminate/Database/Migrations/Migrator.php(112): Illuminate\\Database\\Migrations\\Migrator->runPending()
#15 /home/lnv123/Practice Laravel/authentication-app/vendor/laravel/framework/src/Illuminate/Database/Console/Migrations/MigrateCommand.php(86): Illuminate\\Database\\Migrations\\Migrator->run()
#16 /home/lnv123/Practice Laravel/authentication-app/vendor/laravel/framework/src/Illuminate/Database/Migrations/Migrator.php(606): Illuminate\\Database\\Console\\Migrations\\MigrateCommand->Illuminate\\Database\\Console\\Migrations\\{closure}()
#17 /home/lnv123/Practice Laravel/authentication-app/vendor/laravel/framework/src/Illuminate/Database/Console/Migrations/MigrateCommand.php(98): Illuminate\\Database\\Migrations\\Migrator->usingConnection()
#18 /home/lnv123/Practice Laravel/authentication-app/vendor/laravel/framework/src/Illuminate/Container/BoundMethod.php(36): Illuminate\\Database\\Console\\Migrations\\MigrateCommand->handle()
#19 /home/lnv123/Practice Laravel/authentication-app/vendor/laravel/framework/src/Illuminate/Container/Util.php(40): Illuminate\\Container\\BoundMethod::Illuminate\\Container\\{closure}()
#20 /home/lnv123/Practice Laravel/authentication-app/vendor/laravel/framework/src/Illuminate/Container/BoundMethod.php(93): Illuminate\\Container\\Util::unwrapIfClosure()
#21 /home/lnv123/Practice Laravel/authentication-app/vendor/laravel/framework/src/Illuminate/Container/BoundMethod.php(37): Illuminate\\Container\\BoundMethod::callBoundMethod()
#22 /home/lnv123/Practice Laravel/authentication-app/vendor/laravel/framework/src/Illuminate/Container/Container.php(653): Illuminate\\Container\\BoundMethod::call()
#23 /home/lnv123/Practice Laravel/authentication-app/vendor/laravel/framework/src/Illuminate/Console/Command.php(136): Illuminate\\Container\\Container->call()
#24 /home/lnv123/Practice Laravel/authentication-app/vendor/symfony/console/Command/Command.php(298): Illuminate\\Console\\Command->execute()
#25 /home/lnv123/Practice Laravel/authentication-app/vendor/laravel/framework/src/Illuminate/Console/Command.php(121): Symfony\\Component\\Console\\Command\\Command->run()
#26 /home/lnv123/Practice Laravel/authentication-app/vendor/symfony/console/Application.php(1024): Illuminate\\Console\\Command->run()
#27 /home/lnv123/Practice Laravel/authentication-app/vendor/symfony/console/Application.php(299): Symfony\\Component\\Console\\Application->doRunCommand()
#28 /home/lnv123/Practice Laravel/authentication-app/vendor/symfony/console/Application.php(171): Symfony\\Component\\Console\\Application->doRun()
#29 /home/lnv123/Practice Laravel/authentication-app/vendor/laravel/framework/src/Illuminate/Console/Application.php(94): Symfony\\Component\\Console\\Application->run()
#30 /home/lnv123/Practice Laravel/authentication-app/vendor/laravel/framework/src/Illuminate/Foundation/Console/Kernel.php(129): Illuminate\\Console\\Application->run()
#31 /home/lnv123/Practice Laravel/authentication-app/artisan(37): Illuminate\\Foundation\\Console\\Kernel->handle()
#32 {main}
"} 
[2022-06-15 07:06:03] local.ERROR: SQLSTATE[42S01]: Base table or view already exists: 1050 Table 'products' already exists (SQL: create table `products` (`id` bigint unsigned not null auto_increment primary key, `user_id` bigint unsigned not null, `name` varchar(255) not null, `sku` varchar(255) not null, `price` int not null, `quantity` int not null, `created_at` timestamp null, `updated_at` timestamp null) default character set utf8mb4 collate 'utf8mb4_unicode_ci') {"exception":"[object] (Illuminate\\Database\\QueryException(code: 42S01): SQLSTATE[42S01]: Base table or view already exists: 1050 Table 'products' already exists (SQL: create table `products` (`id` bigint unsigned not null auto_increment primary key, `user_id` bigint unsigned not null, `name` varchar(255) not null, `sku` varchar(255) not null, `price` int not null, `quantity` int not null, `created_at` timestamp null, `updated_at` timestamp null) default character set utf8mb4 collate 'utf8mb4_unicode_ci') at /home/lnv123/Practice Laravel/authentication-app/vendor/laravel/framework/src/Illuminate/Database/Connection.php:712)
[stacktrace]
#0 /home/lnv123/Practice Laravel/authentication-app/vendor/laravel/framework/src/Illuminate/Database/Connection.php(672): Illuminate\\Database\\Connection->runQueryCallback()
#1 /home/lnv123/Practice Laravel/authentication-app/vendor/laravel/framework/src/Illuminate/Database/Connection.php(502): Illuminate\\Database\\Connection->run()
#2 /home/lnv123/Practice Laravel/authentication-app/vendor/laravel/framework/src/Illuminate/Database/Schema/Blueprint.php(109): Illuminate\\Database\\Connection->statement()
#3 /home/lnv123/Practice Laravel/authentication-app/vendor/laravel/framework/src/Illuminate/Database/Schema/Builder.php(364): Illuminate\\Database\\Schema\\Blueprint->build()
#4 /home/lnv123/Practice Laravel/authentication-app/vendor/laravel/framework/src/Illuminate/Database/Schema/Builder.php(227): Illuminate\\Database\\Schema\\Builder->build()
#5 /home/lnv123/Practice Laravel/authentication-app/vendor/laravel/framework/src/Illuminate/Support/Facades/Facade.php(261): Illuminate\\Database\\Schema\\Builder->create()
#6 /home/lnv123/Practice Laravel/authentication-app/database/migrations/2022_06_15_065956_create_products_table.php(24): Illuminate\\Support\\Facades\\Facade::__callStatic()
#7 /home/lnv123/Practice Laravel/authentication-app/vendor/laravel/framework/src/Illuminate/Database/Migrations/Migrator.php(472): CreateProductsTable->up()
#8 /home/lnv123/Practice Laravel/authentication-app/vendor/laravel/framework/src/Illuminate/Database/Migrations/Migrator.php(394): Illuminate\\Database\\Migrations\\Migrator->runMethod()
#9 /home/lnv123/Practice Laravel/authentication-app/vendor/laravel/framework/src/Illuminate/Database/Migrations/Migrator.php(403): Illuminate\\Database\\Migrations\\Migrator->Illuminate\\Database\\Migrations\\{closure}()
#10 /home/lnv123/Practice Laravel/authentication-app/vendor/laravel/framework/src/Illuminate/Database/Migrations/Migrator.php(202): Illuminate\\Database\\Migrations\\Migrator->runMigration()
#11 /home/lnv123/Practice Laravel/authentication-app/vendor/laravel/framework/src/Illuminate/Database/Migrations/Migrator.php(167): Illuminate\\Database\\Migrations\\Migrator->runUp()
#12 /home/lnv123/Practice Laravel/authentication-app/vendor/laravel/framework/src/Illuminate/Database/Migrations/Migrator.php(112): Illuminate\\Database\\Migrations\\Migrator->runPending()
#13 /home/lnv123/Practice Laravel/authentication-app/vendor/laravel/framework/src/Illuminate/Database/Console/Migrations/MigrateCommand.php(86): Illuminate\\Database\\Migrations\\Migrator->run()
#14 /home/lnv123/Practice Laravel/authentication-app/vendor/laravel/framework/src/Illuminate/Database/Migrations/Migrator.php(606): Illuminate\\Database\\Console\\Migrations\\MigrateCommand->Illuminate\\Database\\Console\\Migrations\\{closure}()
#15 /home/lnv123/Practice Laravel/authentication-app/vendor/laravel/framework/src/Illuminate/Database/Console/Migrations/MigrateCommand.php(98): Illuminate\\Database\\Migrations\\Migrator->usingConnection()
#16 /home/lnv123/Practice Laravel/authentication-app/vendor/laravel/framework/src/Illuminate/Container/BoundMethod.php(36): Illuminate\\Database\\Console\\Migrations\\MigrateCommand->handle()
#17 /home/lnv123/Practice Laravel/authentication-app/vendor/laravel/framework/src/Illuminate/Container/Util.php(40): Illuminate\\Container\\BoundMethod::Illuminate\\Container\\{closure}()
#18 /home/lnv123/Practice Laravel/authentication-app/vendor/laravel/framework/src/Illuminate/Container/BoundMethod.php(93): Illuminate\\Container\\Util::unwrapIfClosure()
#19 /home/lnv123/Practice Laravel/authentication-app/vendor/laravel/framework/src/Illuminate/Container/BoundMethod.php(37): Illuminate\\Container\\BoundMethod::callBoundMethod()
#20 /home/lnv123/Practice Laravel/authentication-app/vendor/laravel/framework/src/Illuminate/Container/Container.php(653): Illuminate\\Container\\BoundMethod::call()
#21 /home/lnv123/Practice Laravel/authentication-app/vendor/laravel/framework/src/Illuminate/Console/Command.php(136): Illuminate\\Container\\Container->call()
#22 /home/lnv123/Practice Laravel/authentication-app/vendor/symfony/console/Command/Command.php(298): Illuminate\\Console\\Command->execute()
#23 /home/lnv123/Practice Laravel/authentication-app/vendor/laravel/framework/src/Illuminate/Console/Command.php(121): Symfony\\Component\\Console\\Command\\Command->run()
#24 /home/lnv123/Practice Laravel/authentication-app/vendor/laravel/framework/src/Illuminate/Console/Concerns/CallsCommands.php(68): Illuminate\\Console\\Command->run()
#25 /home/lnv123/Practice Laravel/authentication-app/vendor/laravel/framework/src/Illuminate/Console/Concerns/CallsCommands.php(28): Illuminate\\Console\\Command->runCommand()
#26 /home/lnv123/Practice Laravel/authentication-app/vendor/laravel/framework/src/Illuminate/Database/Console/Migrations/RefreshCommand.php(62): Illuminate\\Console\\Command->call()
#27 /home/lnv123/Practice Laravel/authentication-app/vendor/laravel/framework/src/Illuminate/Container/BoundMethod.php(36): Illuminate\\Database\\Console\\Migrations\\RefreshCommand->handle()
#28 /home/lnv123/Practice Laravel/authentication-app/vendor/laravel/framework/src/Illuminate/Container/Util.php(40): Illuminate\\Container\\BoundMethod::Illuminate\\Container\\{closure}()
#29 /home/lnv123/Practice Laravel/authentication-app/vendor/laravel/framework/src/Illuminate/Container/BoundMethod.php(93): Illuminate\\Container\\Util::unwrapIfClosure()
#30 /home/lnv123/Practice Laravel/authentication-app/vendor/laravel/framework/src/Illuminate/Container/BoundMethod.php(37): Illuminate\\Container\\BoundMethod::callBoundMethod()
#31 /home/lnv123/Practice Laravel/authentication-app/vendor/laravel/framework/src/Illuminate/Container/Container.php(653): Illuminate\\Container\\BoundMethod::call()
#32 /home/lnv123/Practice Laravel/authentication-app/vendor/laravel/framework/src/Illuminate/Console/Command.php(136): Illuminate\\Container\\Container->call()
#33 /home/lnv123/Practice Laravel/authentication-app/vendor/symfony/console/Command/Command.php(298): Illuminate\\Console\\Command->execute()
#34 /home/lnv123/Practice Laravel/authentication-app/vendor/laravel/framework/src/Illuminate/Console/Command.php(121): Symfony\\Component\\Console\\Command\\Command->run()
#35 /home/lnv123/Practice Laravel/authentication-app/vendor/symfony/console/Application.php(1024): Illuminate\\Console\\Command->run()
#36 /home/lnv123/Practice Laravel/authentication-app/vendor/symfony/console/Application.php(299): Symfony\\Component\\Console\\Application->doRunCommand()
#37 /home/lnv123/Practice Laravel/authentication-app/vendor/symfony/console/Application.php(171): Symfony\\Component\\Console\\Application->doRun()
#38 /home/lnv123/Practice Laravel/authentication-app/vendor/laravel/framework/src/Illuminate/Console/Application.php(94): Symfony\\Component\\Console\\Application->run()
#39 /home/lnv123/Practice Laravel/authentication-app/vendor/laravel/framework/src/Illuminate/Foundation/Console/Kernel.php(129): Illuminate\\Console\\Application->run()
#40 /home/lnv123/Practice Laravel/authentication-app/artisan(37): Illuminate\\Foundation\\Console\\Kernel->handle()
#41 {main}

[previous exception] [object] (PDOException(code: 42S01): SQLSTATE[42S01]: Base table or view already exists: 1050 Table 'products' already exists at /home/lnv123/Practice Laravel/authentication-app/vendor/laravel/framework/src/Illuminate/Database/Connection.php:501)
[stacktrace]
#0 /home/lnv123/Practice Laravel/authentication-app/vendor/laravel/framework/src/Illuminate/Database/Connection.php(501): PDOStatement->execute()
#1 /home/lnv123/Practice Laravel/authentication-app/vendor/laravel/framework/src/Illuminate/Database/Connection.php(705): Illuminate\\Database\\Connection->Illuminate\\Database\\{closure}()
#2 /home/lnv123/Practice Laravel/authentication-app/vendor/laravel/framework/src/Illuminate/Database/Connection.php(672): Illuminate\\Database\\Connection->runQueryCallback()
#3 /home/lnv123/Practice Laravel/authentication-app/vendor/laravel/framework/src/Illuminate/Database/Connection.php(502): Illuminate\\Database\\Connection->run()
#4 /home/lnv123/Practice Laravel/authentication-app/vendor/laravel/framework/src/Illuminate/Database/Schema/Blueprint.php(109): Illuminate\\Database\\Connection->statement()
#5 /home/lnv123/Practice Laravel/authentication-app/vendor/laravel/framework/src/Illuminate/Database/Schema/Builder.php(364): Illuminate\\Database\\Schema\\Blueprint->build()
#6 /home/lnv123/Practice Laravel/authentication-app/vendor/laravel/framework/src/Illuminate/Database/Schema/Builder.php(227): Illuminate\\Database\\Schema\\Builder->build()
#7 /home/lnv123/Practice Laravel/authentication-app/vendor/laravel/framework/src/Illuminate/Support/Facades/Facade.php(261): Illuminate\\Database\\Schema\\Builder->create()
#8 /home/lnv123/Practice Laravel/authentication-app/database/migrations/2022_06_15_065956_create_products_table.php(24): Illuminate\\Support\\Facades\\Facade::__callStatic()
#9 /home/lnv123/Practice Laravel/authentication-app/vendor/laravel/framework/src/Illuminate/Database/Migrations/Migrator.php(472): CreateProductsTable->up()
#10 /home/lnv123/Practice Laravel/authentication-app/vendor/laravel/framework/src/Illuminate/Database/Migrations/Migrator.php(394): Illuminate\\Database\\Migrations\\Migrator->runMethod()
#11 /home/lnv123/Practice Laravel/authentication-app/vendor/laravel/framework/src/Illuminate/Database/Migrations/Migrator.php(403): Illuminate\\Database\\Migrations\\Migrator->Illuminate\\Database\\Migrations\\{closure}()
#12 /home/lnv123/Practice Laravel/authentication-app/vendor/laravel/framework/src/Illuminate/Database/Migrations/Migrator.php(202): Illuminate\\Database\\Migrations\\Migrator->runMigration()
#13 /home/lnv123/Practice Laravel/authentication-app/vendor/laravel/framework/src/Illuminate/Database/Migrations/Migrator.php(167): Illuminate\\Database\\Migrations\\Migrator->runUp()
#14 /home/lnv123/Practice Laravel/authentication-app/vendor/laravel/framework/src/Illuminate/Database/Migrations/Migrator.php(112): Illuminate\\Database\\Migrations\\Migrator->runPending()
#15 /home/lnv123/Practice Laravel/authentication-app/vendor/laravel/framework/src/Illuminate/Database/Console/Migrations/MigrateCommand.php(86): Illuminate\\Database\\Migrations\\Migrator->run()
#16 /home/lnv123/Practice Laravel/authentication-app/vendor/laravel/framework/src/Illuminate/Database/Migrations/Migrator.php(606): Illuminate\\Database\\Console\\Migrations\\MigrateCommand->Illuminate\\Database\\Console\\Migrations\\{closure}()
#17 /home/lnv123/Practice Laravel/authentication-app/vendor/laravel/framework/src/Illuminate/Database/Console/Migrations/MigrateCommand.php(98): Illuminate\\Database\\Migrations\\Migrator->usingConnection()
#18 /home/lnv123/Practice Laravel/authentication-app/vendor/laravel/framework/src/Illuminate/Container/BoundMethod.php(36): Illuminate\\Database\\Console\\Migrations\\MigrateCommand->handle()
#19 /home/lnv123/Practice Laravel/authentication-app/vendor/laravel/framework/src/Illuminate/Container/Util.php(40): Illuminate\\Container\\BoundMethod::Illuminate\\Container\\{closure}()
#20 /home/lnv123/Practice Laravel/authentication-app/vendor/laravel/framework/src/Illuminate/Container/BoundMethod.php(93): Illuminate\\Container\\Util::unwrapIfClosure()
#21 /home/lnv123/Practice Laravel/authentication-app/vendor/laravel/framework/src/Illuminate/Container/BoundMethod.php(37): Illuminate\\Container\\BoundMethod::callBoundMethod()
#22 /home/lnv123/Practice Laravel/authentication-app/vendor/laravel/framework/src/Illuminate/Container/Container.php(653): Illuminate\\Container\\BoundMethod::call()
#23 /home/lnv123/Practice Laravel/authentication-app/vendor/laravel/framework/src/Illuminate/Console/Command.php(136): Illuminate\\Container\\Container->call()
#24 /home/lnv123/Practice Laravel/authentication-app/vendor/symfony/console/Command/Command.php(298): Illuminate\\Console\\Command->execute()
#25 /home/lnv123/Practice Laravel/authentication-app/vendor/laravel/framework/src/Illuminate/Console/Command.php(121): Symfony\\Component\\Console\\Command\\Command->run()
#26 /home/lnv123/Practice Laravel/authentication-app/vendor/laravel/framework/src/Illuminate/Console/Concerns/CallsCommands.php(68): Illuminate\\Console\\Command->run()
#27 /home/lnv123/Practice Laravel/authentication-app/vendor/laravel/framework/src/Illuminate/Console/Concerns/CallsCommands.php(28): Illuminate\\Console\\Command->runCommand()
#28 /home/lnv123/Practice Laravel/authentication-app/vendor/laravel/framework/src/Illuminate/Database/Console/Migrations/RefreshCommand.php(62): Illuminate\\Console\\Command->call()
#29 /home/lnv123/Practice Laravel/authentication-app/vendor/laravel/framework/src/Illuminate/Container/BoundMethod.php(36): Illuminate\\Database\\Console\\Migrations\\RefreshCommand->handle()
#30 /home/lnv123/Practice Laravel/authentication-app/vendor/laravel/framework/src/Illuminate/Container/Util.php(40): Illuminate\\Container\\BoundMethod::Illuminate\\Container\\{closure}()
#31 /home/lnv123/Practice Laravel/authentication-app/vendor/laravel/framework/src/Illuminate/Container/BoundMethod.php(93): Illuminate\\Container\\Util::unwrapIfClosure()
#32 /home/lnv123/Practice Laravel/authentication-app/vendor/laravel/framework/src/Illuminate/Container/BoundMethod.php(37): Illuminate\\Container\\BoundMethod::callBoundMethod()
#33 /home/lnv123/Practice Laravel/authentication-app/vendor/laravel/framework/src/Illuminate/Container/Container.php(653): Illuminate\\Container\\BoundMethod::call()
#34 /home/lnv123/Practice Laravel/authentication-app/vendor/laravel/framework/src/Illuminate/Console/Command.php(136): Illuminate\\Container\\Container->call()
#35 /home/lnv123/Practice Laravel/authentication-app/vendor/symfony/console/Command/Command.php(298): Illuminate\\Console\\Command->execute()
#36 /home/lnv123/Practice Laravel/authentication-app/vendor/laravel/framework/src/Illuminate/Console/Command.php(121): Symfony\\Component\\Console\\Command\\Command->run()
#37 /home/lnv123/Practice Laravel/authentication-app/vendor/symfony/console/Application.php(1024): Illuminate\\Console\\Command->run()
#38 /home/lnv123/Practice Laravel/authentication-app/vendor/symfony/console/Application.php(299): Symfony\\Component\\Console\\Application->doRunCommand()
#39 /home/lnv123/Practice Laravel/authentication-app/vendor/symfony/console/Application.php(171): Symfony\\Component\\Console\\Application->doRun()
#40 /home/lnv123/Practice Laravel/authentication-app/vendor/laravel/framework/src/Illuminate/Console/Application.php(94): Symfony\\Component\\Console\\Application->run()
#41 /home/lnv123/Practice Laravel/authentication-app/vendor/laravel/framework/src/Illuminate/Foundation/Console/Kernel.php(129): Illuminate\\Console\\Application->run()
#42 /home/lnv123/Practice Laravel/authentication-app/artisan(37): Illuminate\\Foundation\\Console\\Kernel->handle()
#43 {main}
"} 
[2022-06-15 07:06:47] local.ERROR: Command "migrtae" is not defined.

Did you mean one of these?
    migrate
    migrate:fresh
    migrate:install
    migrate:refresh
    migrate:reset
    migrate:rollback
    migrate:status {"exception":"[object] (Symfony\\Component\\Console\\Exception\\CommandNotFoundException(code: 0): Command \"migrtae\" is not defined.

Did you mean one of these?
    migrate
    migrate:fresh
    migrate:install
    migrate:refresh
    migrate:reset
    migrate:rollback
    migrate:status at /home/lnv123/Practice Laravel/authentication-app/vendor/symfony/console/Application.php:718)
[stacktrace]
#0 /home/lnv123/Practice Laravel/authentication-app/vendor/symfony/console/Application.php(259): Symfony\\Component\\Console\\Application->find()
#1 /home/lnv123/Practice Laravel/authentication-app/vendor/symfony/console/Application.php(171): Symfony\\Component\\Console\\Application->doRun()
#2 /home/lnv123/Practice Laravel/authentication-app/vendor/laravel/framework/src/Illuminate/Console/Application.php(94): Symfony\\Component\\Console\\Application->run()
#3 /home/lnv123/Practice Laravel/authentication-app/vendor/laravel/framework/src/Illuminate/Foundation/Console/Kernel.php(129): Illuminate\\Console\\Application->run()
#4 /home/lnv123/Practice Laravel/authentication-app/artisan(37): Illuminate\\Foundation\\Console\\Kernel->handle()
#5 {main}
"} 
[2022-06-15 07:06:53] local.ERROR: Command "migrtate" is not defined.

Did you mean one of these?
    migrate
    migrate:fresh
    migrate:install
    migrate:refresh
    migrate:reset
    migrate:rollback
    migrate:status {"exception":"[object] (Symfony\\Component\\Console\\Exception\\CommandNotFoundException(code: 0): Command \"migrtate\" is not defined.

Did you mean one of these?
    migrate
    migrate:fresh
    migrate:install
    migrate:refresh
    migrate:reset
    migrate:rollback
    migrate:status at /home/lnv123/Practice Laravel/authentication-app/vendor/symfony/console/Application.php:718)
[stacktrace]
#0 /home/lnv123/Practice Laravel/authentication-app/vendor/symfony/console/Application.php(259): Symfony\\Component\\Console\\Application->find()
#1 /home/lnv123/Practice Laravel/authentication-app/vendor/symfony/console/Application.php(171): Symfony\\Component\\Console\\Application->doRun()
#2 /home/lnv123/Practice Laravel/authentication-app/vendor/laravel/framework/src/Illuminate/Console/Application.php(94): Symfony\\Component\\Console\\Application->run()
#3 /home/lnv123/Practice Laravel/authentication-app/vendor/laravel/framework/src/Illuminate/Foundation/Console/Kernel.php(129): Illuminate\\Console\\Application->run()
#4 /home/lnv123/Practice Laravel/authentication-app/artisan(37): Illuminate\\Foundation\\Console\\Kernel->handle()
#5 {main}
"} 
[2022-06-15 07:22:03] local.ERROR: The token could not be parsed from the request {"exception":"[object] (Tymon\\JWTAuth\\Exceptions\\JWTException(code: 0): The token could not be parsed from the request at /home/lnv123/Practice Laravel/authentication-app/vendor/tymon/jwt-auth/src/JWT.php:185)
[stacktrace]
#0 /home/lnv123/Practice Laravel/authentication-app/vendor/laravel/framework/src/Illuminate/Support/Facades/Facade.php(261): Tymon\\JWTAuth\\JWT->parseToken()
#1 /home/lnv123/Practice Laravel/authentication-app/app/Http/Controllers/ProductController.php(17): Illuminate\\Support\\Facades\\Facade::__callStatic()
#2 [internal function]: App\\Http\\Controllers\\ProductController->__construct()
#3 /home/lnv123/Practice Laravel/authentication-app/vendor/laravel/framework/src/Illuminate/Container/Container.php(917): ReflectionClass->newInstanceArgs()
#4 /home/lnv123/Practice Laravel/authentication-app/vendor/laravel/framework/src/Illuminate/Container/Container.php(758): Illuminate\\Container\\Container->build()
#5 /home/lnv123/Practice Laravel/authentication-app/vendor/laravel/framework/src/Illuminate/Foundation/Application.php(851): Illuminate\\Container\\Container->resolve()
#6 /home/lnv123/Practice Laravel/authentication-app/vendor/laravel/framework/src/Illuminate/Container/Container.php(694): Illuminate\\Foundation\\Application->resolve()
#7 /home/lnv123/Practice Laravel/authentication-app/vendor/laravel/framework/src/Illuminate/Foundation/Application.php(836): Illuminate\\Container\\Container->make()
#8 /home/lnv123/Practice Laravel/authentication-app/vendor/laravel/framework/src/Illuminate/Routing/Route.php(276): Illuminate\\Foundation\\Application->make()
#9 /home/lnv123/Practice Laravel/authentication-app/vendor/laravel/framework/src/Illuminate/Routing/Route.php(1069): Illuminate\\Routing\\Route->getController()
#10 /home/lnv123/Practice Laravel/authentication-app/vendor/laravel/framework/src/Illuminate/Routing/Route.php(1012): Illuminate\\Routing\\Route->controllerMiddleware()
#11 /home/lnv123/Practice Laravel/authentication-app/vendor/laravel/framework/src/Illuminate/Routing/Router.php(734): Illuminate\\Routing\\Route->gatherMiddleware()
#12 /home/lnv123/Practice Laravel/authentication-app/vendor/laravel/framework/src/Illuminate/Routing/Router.php(714): Illuminate\\Routing\\Router->gatherRouteMiddleware()
#13 /home/lnv123/Practice Laravel/authentication-app/vendor/laravel/framework/src/Illuminate/Routing/Router.php(698): Illuminate\\Routing\\Router->runRouteWithinStack()
#14 /home/lnv123/Practice Laravel/authentication-app/vendor/laravel/framework/src/Illuminate/Routing/Router.php(662): Illuminate\\Routing\\Router->runRoute()
#15 /home/lnv123/Practice Laravel/authentication-app/vendor/laravel/framework/src/Illuminate/Routing/Router.php(651): Illuminate\\Routing\\Router->dispatchToRoute()
#16 /home/lnv123/Practice Laravel/authentication-app/vendor/laravel/framework/src/Illuminate/Foundation/Http/Kernel.php(167): Illuminate\\Routing\\Router->dispatch()
#17 /home/lnv123/Practice Laravel/authentication-app/vendor/laravel/framework/src/Illuminate/Pipeline/Pipeline.php(128): Illuminate\\Foundation\\Http\\Kernel->Illuminate\\Foundation\\Http\\{closure}()
#18 /home/lnv123/Practice Laravel/authentication-app/vendor/laravel/framework/src/Illuminate/Foundation/Http/Middleware/TransformsRequest.php(21): Illuminate\\Pipeline\\Pipeline->Illuminate\\Pipeline\\{closure}()
#19 /home/lnv123/Practice Laravel/authentication-app/vendor/laravel/framework/src/Illuminate/Foundation/Http/Middleware/ConvertEmptyStringsToNull.php(31): Illuminate\\Foundation\\Http\\Middleware\\TransformsRequest->handle()
#20 /home/lnv123/Practice Laravel/authentication-app/vendor/laravel/framework/src/Illuminate/Pipeline/Pipeline.php(167): Illuminate\\Foundation\\Http\\Middleware\\ConvertEmptyStringsToNull->handle()
#21 /home/lnv123/Practice Laravel/authentication-app/vendor/laravel/framework/src/Illuminate/Foundation/Http/Middleware/TransformsRequest.php(21): Illuminate\\Pipeline\\Pipeline->Illuminate\\Pipeline\\{closure}()
#22 /home/lnv123/Practice Laravel/authentication-app/vendor/laravel/framework/src/Illuminate/Foundation/Http/Middleware/TrimStrings.php(40): Illuminate\\Foundation\\Http\\Middleware\\TransformsRequest->handle()
#23 /home/lnv123/Practice Laravel/authentication-app/vendor/laravel/framework/src/Illuminate/Pipeline/Pipeline.php(167): Illuminate\\Foundation\\Http\\Middleware\\TrimStrings->handle()
#24 /home/lnv123/Practice Laravel/authentication-app/vendor/laravel/framework/src/Illuminate/Foundation/Http/Middleware/ValidatePostSize.php(27): Illuminate\\Pipeline\\Pipeline->Illuminate\\Pipeline\\{closure}()
#25 /home/lnv123/Practice Laravel/authentication-app/vendor/laravel/framework/src/Illuminate/Pipeline/Pipeline.php(167): Illuminate\\Foundation\\Http\\Middleware\\ValidatePostSize->handle()
#26 /home/lnv123/Practice Laravel/authentication-app/vendor/laravel/framework/src/Illuminate/Foundation/Http/Middleware/PreventRequestsDuringMaintenance.php(86): Illuminate\\Pipeline\\Pipeline->Illuminate\\Pipeline\\{closure}()
#27 /home/lnv123/Practice Laravel/authentication-app/vendor/laravel/framework/src/Illuminate/Pipeline/Pipeline.php(167): Illuminate\\Foundation\\Http\\Middleware\\PreventRequestsDuringMaintenance->handle()
#28 /home/lnv123/Practice Laravel/authentication-app/vendor/fruitcake/laravel-cors/src/HandleCors.php(52): Illuminate\\Pipeline\\Pipeline->Illuminate\\Pipeline\\{closure}()
#29 /home/lnv123/Practice Laravel/authentication-app/vendor/laravel/framework/src/Illuminate/Pipeline/Pipeline.php(167): Fruitcake\\Cors\\HandleCors->handle()
#30 /home/lnv123/Practice Laravel/authentication-app/vendor/laravel/framework/src/Illuminate/Http/Middleware/TrustProxies.php(39): Illuminate\\Pipeline\\Pipeline->Illuminate\\Pipeline\\{closure}()
#31 /home/lnv123/Practice Laravel/authentication-app/vendor/laravel/framework/src/Illuminate/Pipeline/Pipeline.php(167): Illuminate\\Http\\Middleware\\TrustProxies->handle()
#32 /home/lnv123/Practice Laravel/authentication-app/vendor/laravel/framework/src/Illuminate/Pipeline/Pipeline.php(103): Illuminate\\Pipeline\\Pipeline->Illuminate\\Pipeline\\{closure}()
#33 /home/lnv123/Practice Laravel/authentication-app/vendor/laravel/framework/src/Illuminate/Foundation/Http/Kernel.php(142): Illuminate\\Pipeline\\Pipeline->then()
#34 /home/lnv123/Practice Laravel/authentication-app/vendor/laravel/framework/src/Illuminate/Foundation/Http/Kernel.php(111): Illuminate\\Foundation\\Http\\Kernel->sendRequestThroughRouter()
#35 /home/lnv123/Practice Laravel/authentication-app/public/index.php(52): Illuminate\\Foundation\\Http\\Kernel->handle()
#36 /home/lnv123/Practice Laravel/authentication-app/server.php(21): require_once('/home/lnv123/Pr...')
#37 {main}
"} 
